<?xml version="1.0" encoding="UTF-8"?>
<testng-results ignored="0" total="1" passed="1" failed="0" skipped="0">
  <reporter-output>
  </reporter-output>
  <suite started-at="2025-06-26T16:06:22 CST" name="Surefire suite" finished-at="2025-06-26T16:06:22 CST" duration-ms="37">
    <groups>
    </groups>
    <test started-at="2025-06-26T16:06:22 CST" name="Surefire test" finished-at="2025-06-26T16:06:22 CST" duration-ms="37">
      <class name="FlowDroid.RainTest">
        <test-method signature="testRain()" started-at="2025-06-26T16:06:22 CST" name="testRain" finished-at="2025-06-26T16:06:22 CST" duration-ms="9" status="PASS">
          <reporter-output>
          </reporter-output>
        </test-method> <!-- testRain -->
      </class> <!-- FlowDroid.RainTest -->
    </test> <!-- Surefire test -->
  </suite> <!-- Surefire suite -->
</testng-results>
